sizeof(arr) = 20, sizeof(*arr) = 4 
debug i = 0 
debug j = 0 
debug arr[j] = 5, arr[j+1] = 4 
debug temp = 5 
debug arr[j] = 4, arr[j+1] = 4 
debug arr[j] = 4, arr[j+1] = 5 
debug j = 1 
debug arr[j] = 5, arr[j+1] = 3 
debug temp = 5 
debug arr[j] = 3, arr[j+1] = 3 
debug arr[j] = 3, arr[j+1] = 5 
debug j = 2 
debug arr[j] = 5, arr[j+1] = 2 
debug temp = 5 
debug arr[j] = 2, arr[j+1] = 2 
debug arr[j] = 2, arr[j+1] = 5 
debug j = 3 
debug arr[j] = 5, arr[j+1] = 1 
debug temp = 5 
debug arr[j] = 1, arr[j+1] = 1 
debug arr[j] = 1, arr[j+1] = 5 
debug i = 1 
debug j = 0 
debug arr[j] = 4, arr[j+1] = 3 
debug temp = 4 
debug arr[j] = 3, arr[j+1] = 3 
debug arr[j] = 3, arr[j+1] = 4 
debug j = 1 
debug arr[j] = 4, arr[j+1] = 2 
debug temp = 4 
debug arr[j] = 2, arr[j+1] = 2 
debug arr[j] = 2, arr[j+1] = 4 
debug j = 2 
debug arr[j] = 4, arr[j+1] = 1 
debug temp = 4 
debug arr[j] = 1, arr[j+1] = 1 
debug arr[j] = 1, arr[j+1] = 4 
debug i = 2 
debug j = 0 
debug arr[j] = 3, arr[j+1] = 2 
debug temp = 3 
debug arr[j] = 2, arr[j+1] = 2 
debug arr[j] = 2, arr[j+1] = 3 
debug j = 1 
debug arr[j] = 3, arr[j+1] = 1 
debug temp = 3 
debug arr[j] = 1, arr[j+1] = 1 
debug arr[j] = 1, arr[j+1] = 3 
debug i = 3 
debug j = 0 
debug arr[j] = 2, arr[j+1] = 1 
debug temp = 2 
debug arr[j] = 1, arr[j+1] = 1 
debug arr[j] = 1, arr[j+1] = 2 
1 2 3 4 5 sizeof(arr) = 20, sizeof(*arr) = 4 
debug i = 0 start===============
debug j = 0 
debug arr[j] = 5, arr[j+1] = 4 
debug temp = 5 
debug arr[j] = 4, arr[j+1] = 4 
debug arr[j] = 4, arr[j+1] = 5 
debug j = 1 
debug arr[j] = 5, arr[j+1] = 3 
debug temp = 5 
debug arr[j] = 3, arr[j+1] = 3 
debug arr[j] = 3, arr[j+1] = 5 
debug j = 2 
debug arr[j] = 5, arr[j+1] = 2 
debug temp = 5 
debug arr[j] = 2, arr[j+1] = 2 
debug arr[j] = 2, arr[j+1] = 5 
debug j = 3 
debug arr[j] = 5, arr[j+1] = 1 
debug temp = 5 
debug arr[j] = 1, arr[j+1] = 1 
debug arr[j] = 1, arr[j+1] = 5 
debug i = 0 end=============== 
debug i = 1 start===============
debug j = 0 
debug arr[j] = 4, arr[j+1] = 3 
debug temp = 4 
debug arr[j] = 3, arr[j+1] = 3 
debug arr[j] = 3, arr[j+1] = 4 
debug j = 1 
debug arr[j] = 4, arr[j+1] = 2 
debug temp = 4 
debug arr[j] = 2, arr[j+1] = 2 
debug arr[j] = 2, arr[j+1] = 4 
debug j = 2 
debug arr[j] = 4, arr[j+1] = 1 
debug temp = 4 
debug arr[j] = 1, arr[j+1] = 1 
debug arr[j] = 1, arr[j+1] = 4 
debug i = 1 end=============== 
debug i = 2 start===============
debug j = 0 
debug arr[j] = 3, arr[j+1] = 2 
debug temp = 3 
debug arr[j] = 2, arr[j+1] = 2 
debug arr[j] = 2, arr[j+1] = 3 
debug j = 1 
debug arr[j] = 3, arr[j+1] = 1 
debug temp = 3 
debug arr[j] = 1, arr[j+1] = 1 
debug arr[j] = 1, arr[j+1] = 3 
debug i = 2 end=============== 
debug i = 3 start===============
debug j = 0 
debug arr[j] = 2, arr[j+1] = 1 
debug temp = 2 
debug arr[j] = 1, arr[j+1] = 1 
debug arr[j] = 1, arr[j+1] = 2 
debug i = 3 end=============== 
1 2 3 4 5 sizeof(arr) = 20, sizeof(*arr) = 4 
debug i = 0 start===============
debug j = 0 
debug arr[0] = 5, arr[1] = 4 
debug temp = 5 
debug arr[0] = 4, arr[1] = 4 
debug arr[0] = 4, arr[1] = 5 
debug j = 1 
debug arr[1] = 5, arr[2] = 3 
debug temp = 5 
debug arr[1] = 3, arr[2] = 3 
debug arr[1] = 3, arr[2] = 5 
debug j = 2 
debug arr[2] = 5, arr[3] = 2 
debug temp = 5 
debug arr[2] = 2, arr[3] = 2 
debug arr[2] = 2, arr[3] = 5 
debug j = 3 
debug arr[3] = 5, arr[4] = 1 
debug temp = 5 
debug arr[3] = 1, arr[4] = 1 
debug arr[3] = 1, arr[4] = 5 
debug i = 0 end=============== 
debug i = 1 start===============
debug j = 0 
debug arr[0] = 4, arr[1] = 3 
debug temp = 4 
debug arr[0] = 3, arr[1] = 3 
debug arr[0] = 3, arr[1] = 4 
debug j = 1 
debug arr[1] = 4, arr[2] = 2 
debug temp = 4 
debug arr[1] = 2, arr[2] = 2 
debug arr[1] = 2, arr[2] = 4 
debug j = 2 
debug arr[2] = 4, arr[3] = 1 
debug temp = 4 
debug arr[2] = 1, arr[3] = 1 
debug arr[2] = 1, arr[3] = 4 
debug i = 1 end=============== 
debug i = 2 start===============
debug j = 0 
debug arr[0] = 3, arr[1] = 2 
debug temp = 3 
debug arr[0] = 2, arr[1] = 2 
debug arr[0] = 2, arr[1] = 3 
debug j = 1 
debug arr[1] = 3, arr[2] = 1 
debug temp = 3 
debug arr[1] = 1, arr[2] = 1 
debug arr[1] = 1, arr[2] = 3 
debug i = 2 end=============== 
debug i = 3 start===============
debug j = 0 
debug arr[0] = 2, arr[1] = 1 
debug temp = 2 
debug arr[0] = 1, arr[1] = 1 
debug arr[0] = 1, arr[1] = 2 
debug i = 3 end=============== 
1 2 3 4 5 